<?xml version="1.0" encoding="UTF-8"?>
<testng-results skipped="0" failed="0" total="4" passed="4">
  <reporter-output>
  </reporter-output>
  <suite name="InetBankingV3" duration-ms="22441" started-at="2021-09-21T18:14:26Z" finished-at="2021-09-21T18:14:49Z">
    <groups>
    </groups>
    <test name="BankingApponChrome" duration-ms="12654" started-at="2021-09-21T18:14:26Z" finished-at="2021-09-21T18:14:39Z">
      <class name="com.inetBanking.testCases.TC_LoginDDT_002">
        <test-method status="PASS" signature="setUp(java.lang.String)[pri:0, instance:com.inetBanking.testCases.TC_LoginDDT_002@60addb54]" name="setUp" is-config="true" duration-ms="6960" started-at="2021-09-21T23:44:27Z" finished-at="2021-09-21T23:44:34Z">
          <params>
            <param index="0">
              <value>
                <![CDATA[firefox]]>
              </value>
            </param>
          </params>
          <reporter-output>
          </reporter-output>
        </test-method> <!-- setUp -->
        <test-method status="PASS" signature="loginDDT(java.lang.String, java.lang.String)[pri:0, instance:com.inetBanking.testCases.TC_LoginDDT_002@60addb54]" name="loginDDT" duration-ms="2150" started-at="2021-09-21T23:44:34Z" data-provider="LoginData" finished-at="2021-09-21T23:44:36Z">
          <params>
            <param index="0">
              <value>
                <![CDATA[mngr353180]]>
              </value>
            </param>
            <param index="1">
              <value>
                <![CDATA[nerynYt]]>
              </value>
            </param>
          </params>
          <reporter-output>
          </reporter-output>
        </test-method> <!-- loginDDT -->
        <test-method status="PASS" signature="loginDDT(java.lang.String, java.lang.String)[pri:0, instance:com.inetBanking.testCases.TC_LoginDDT_002@60addb54]" name="loginDDT" duration-ms="2211" started-at="2021-09-21T23:44:36Z" data-provider="LoginData" finished-at="2021-09-21T23:44:38Z">
          <params>
            <param index="0">
              <value>
                <![CDATA[mngr353180]]>
              </value>
            </param>
            <param index="1">
              <value>
                <![CDATA[nerynYt]]>
              </value>
            </param>
          </params>
          <reporter-output>
          </reporter-output>
        </test-method> <!-- loginDDT -->
        <test-method status="PASS" signature="tearDown()[pri:0, instance:com.inetBanking.testCases.TC_LoginDDT_002@60addb54]" name="tearDown" is-config="true" duration-ms="697" started-at="2021-09-21T23:44:38Z" finished-at="2021-09-21T23:44:39Z">
          <reporter-output>
          </reporter-output>
        </test-method> <!-- tearDown -->
      </class> <!-- com.inetBanking.testCases.TC_LoginDDT_002 -->
    </test> <!-- BankingApponChrome -->
    <test name="BankingApponFirefox" duration-ms="9545" started-at="2021-09-21T18:14:39Z" finished-at="2021-09-21T18:14:49Z">
      <class name="com.inetBanking.testCases.TC_LoginDDT_002">
        <test-method status="PASS" signature="setUp(java.lang.String)[pri:0, instance:com.inetBanking.testCases.TC_LoginDDT_002@6df97b55]" name="setUp" is-config="true" duration-ms="3020" started-at="2021-09-21T23:44:39Z" finished-at="2021-09-21T23:44:42Z">
          <params>
            <param index="0">
              <value>
                <![CDATA[chrome]]>
              </value>
            </param>
          </params>
          <reporter-output>
          </reporter-output>
        </test-method> <!-- setUp -->
        <test-method status="PASS" signature="loginDDT(java.lang.String, java.lang.String)[pri:0, instance:com.inetBanking.testCases.TC_LoginDDT_002@6df97b55]" name="loginDDT" duration-ms="3087" started-at="2021-09-21T23:44:42Z" data-provider="LoginData" finished-at="2021-09-21T23:44:46Z">
          <params>
            <param index="0">
              <value>
                <![CDATA[mngr353180]]>
              </value>
            </param>
            <param index="1">
              <value>
                <![CDATA[nerynYt]]>
              </value>
            </param>
          </params>
          <reporter-output>
          </reporter-output>
        </test-method> <!-- loginDDT -->
        <test-method status="PASS" signature="loginDDT(java.lang.String, java.lang.String)[pri:0, instance:com.inetBanking.testCases.TC_LoginDDT_002@6df97b55]" name="loginDDT" duration-ms="2774" started-at="2021-09-21T23:44:46Z" data-provider="LoginData" finished-at="2021-09-21T23:44:48Z">
          <params>
            <param index="0">
              <value>
                <![CDATA[mngr353180]]>
              </value>
            </param>
            <param index="1">
              <value>
                <![CDATA[nerynYt]]>
              </value>
            </param>
          </params>
          <reporter-output>
          </reporter-output>
        </test-method> <!-- loginDDT -->
        <test-method status="PASS" signature="tearDown()[pri:0, instance:com.inetBanking.testCases.TC_LoginDDT_002@6df97b55]" name="tearDown" is-config="true" duration-ms="604" started-at="2021-09-21T23:44:48Z" finished-at="2021-09-21T23:44:49Z">
          <reporter-output>
          </reporter-output>
        </test-method> <!-- tearDown -->
      </class> <!-- com.inetBanking.testCases.TC_LoginDDT_002 -->
    </test> <!-- BankingApponFirefox -->
  </suite> <!-- InetBankingV3 -->
</testng-results>
